TN:
SF:lib/logger/index.js
FN:30,(anonymous_0)
FN:41,(anonymous_1)
FN:52,(anonymous_2)
FN:85,(anonymous_3)
FN:93,(anonymous_4)
FN:101,(anonymous_5)
FN:109,(anonymous_6)
FN:116,(anonymous_7)
FNF:8
FNH:8
FNDA:3,(anonymous_0)
FNDA:10,(anonymous_1)
FNDA:12,(anonymous_2)
FNDA:3,(anonymous_3)
FNDA:3,(anonymous_4)
FNDA:3,(anonymous_5)
FNDA:3,(anonymous_6)
FNDA:1,(anonymous_7)
DA:1,1
DA:2,1
DA:8,1
DA:18,1
DA:31,3
DA:32,3
DA:42,10
DA:43,10
DA:53,12
DA:54,10
DA:57,10
DA:58,6
DA:60,2
DA:61,2
DA:63,2
DA:64,2
DA:66,1
DA:67,1
DA:69,1
DA:70,1
DA:75,10
DA:76,4
DA:86,3
DA:94,3
DA:102,3
DA:110,3
DA:117,1
DA:118,1
DA:124,1
LF:29
LH:29
BRDA:30,0,0,0
BRDA:32,1,0,1
BRDA:32,1,1,2
BRDA:53,2,0,10
BRDA:53,2,1,2
BRDA:57,3,0,6
BRDA:57,3,1,4
BRDA:58,4,0,2
BRDA:58,4,1,2
BRDA:58,4,2,1
BRDA:58,4,3,1
BRDA:75,5,0,4
BRDA:75,5,1,6
BRDA:75,6,0,10
BRDA:75,6,1,4
BRDA:117,7,0,1
BRDA:117,7,1,0
BRF:17
BRH:15
end_of_record
