TN:
SF:lib/logger/index.js
FN:30,(anonymous_0)
FN:59,(anonymous_1)
FN:70,(anonymous_2)
FN:103,(anonymous_3)
FN:111,(anonymous_4)
FN:119,(anonymous_5)
FN:127,(anonymous_6)
FN:134,(anonymous_7)
FNF:8
FNH:8
FNDA:3,(anonymous_0)
FNDA:10,(anonymous_1)
FNDA:12,(anonymous_2)
FNDA:3,(anonymous_3)
FNDA:3,(anonymous_4)
FNDA:3,(anonymous_5)
FNDA:3,(anonymous_6)
FNDA:1,(anonymous_7)
DA:1,1
DA:2,1
DA:8,1
DA:18,1
DA:31,3
DA:34,3
DA:35,1
DA:38,1
DA:39,0
DA:42,1
DA:43,1
DA:45,0
DA:46,0
DA:49,2
DA:60,10
DA:61,10
DA:71,12
DA:72,10
DA:75,10
DA:76,6
DA:78,2
DA:79,2
DA:81,2
DA:82,2
DA:84,1
DA:85,1
DA:87,1
DA:88,1
DA:93,10
DA:94,4
DA:104,3
DA:112,3
DA:120,3
DA:128,3
DA:135,1
DA:136,1
DA:142,1
LF:37
LH:34
BRDA:30,0,0,0
BRDA:34,1,0,1
BRDA:34,1,1,2
BRDA:38,2,0,0
BRDA:38,2,1,1
BRDA:71,3,0,10
BRDA:71,3,1,2
BRDA:75,4,0,6
BRDA:75,4,1,4
BRDA:76,5,0,2
BRDA:76,5,1,2
BRDA:76,5,2,1
BRDA:76,5,3,1
BRDA:93,6,0,4
BRDA:93,6,1,6
BRDA:93,7,0,10
BRDA:93,7,1,4
BRDA:135,8,0,1
BRDA:135,8,1,0
BRF:19
BRH:16
end_of_record
